mode: set
github.com/SardorMS/wallet/pkg/wallet/service.go:27.78,28.37 1 1
github.com/SardorMS/wallet/pkg/wallet/service.go:33.2,41.21 4 1
github.com/SardorMS/wallet/pkg/wallet/service.go:28.37,29.29 1 0
github.com/SardorMS/wallet/pkg/wallet/service.go:29.29,31.4 1 0
github.com/SardorMS/wallet/pkg/wallet/service.go:45.70,46.17 1 1
github.com/SardorMS/wallet/pkg/wallet/service.go:50.2,51.33 2 1
github.com/SardorMS/wallet/pkg/wallet/service.go:57.2,57.20 1 1
github.com/SardorMS/wallet/pkg/wallet/service.go:61.2,62.12 2 1
github.com/SardorMS/wallet/pkg/wallet/service.go:46.17,48.3 1 0
github.com/SardorMS/wallet/pkg/wallet/service.go:51.33,52.26 1 1
github.com/SardorMS/wallet/pkg/wallet/service.go:52.26,54.9 2 1
github.com/SardorMS/wallet/pkg/wallet/service.go:57.20,59.3 1 0
github.com/SardorMS/wallet/pkg/wallet/service.go:66.116,67.17 1 1
github.com/SardorMS/wallet/pkg/wallet/service.go:71.2,72.33 2 1
github.com/SardorMS/wallet/pkg/wallet/service.go:79.2,79.20 1 1
github.com/SardorMS/wallet/pkg/wallet/service.go:83.2,83.30 1 1
github.com/SardorMS/wallet/pkg/wallet/service.go:87.2,97.21 5 1
github.com/SardorMS/wallet/pkg/wallet/service.go:67.17,69.3 1 0
github.com/SardorMS/wallet/pkg/wallet/service.go:72.33,73.26 1 1
github.com/SardorMS/wallet/pkg/wallet/service.go:73.26,75.9 2 1
github.com/SardorMS/wallet/pkg/wallet/service.go:79.20,81.3 1 0
github.com/SardorMS/wallet/pkg/wallet/service.go:83.30,85.3 1 0
github.com/SardorMS/wallet/pkg/wallet/service.go:102.76,104.37 1 1
github.com/SardorMS/wallet/pkg/wallet/service.go:109.2,109.32 1 1
github.com/SardorMS/wallet/pkg/wallet/service.go:104.37,105.30 1 1
github.com/SardorMS/wallet/pkg/wallet/service.go:105.30,107.4 1 1
github.com/SardorMS/wallet/pkg/wallet/service.go:113.77,115.37 1 1
github.com/SardorMS/wallet/pkg/wallet/service.go:120.2,120.32 1 1
github.com/SardorMS/wallet/pkg/wallet/service.go:115.37,116.30 1 1
github.com/SardorMS/wallet/pkg/wallet/service.go:116.30,118.4 1 1
github.com/SardorMS/wallet/pkg/wallet/service.go:124.50,127.16 2 1
github.com/SardorMS/wallet/pkg/wallet/service.go:131.2,132.16 2 1
github.com/SardorMS/wallet/pkg/wallet/service.go:136.2,139.12 3 1
github.com/SardorMS/wallet/pkg/wallet/service.go:127.16,129.3 1 1
github.com/SardorMS/wallet/pkg/wallet/service.go:132.16,134.3 1 0
github.com/SardorMS/wallet/pkg/wallet/service.go:142.68,145.16 2 1
github.com/SardorMS/wallet/pkg/wallet/service.go:149.2,150.16 2 1
github.com/SardorMS/wallet/pkg/wallet/service.go:154.2,154.24 1 1
github.com/SardorMS/wallet/pkg/wallet/service.go:145.16,147.3 1 1
github.com/SardorMS/wallet/pkg/wallet/service.go:150.16,152.3 1 0
