mode: set
github.com/SardorMS/wallet/pkg/wallet/service.go:36.78,37.37 1 1
github.com/SardorMS/wallet/pkg/wallet/service.go:43.2,51.21 4 1
github.com/SardorMS/wallet/pkg/wallet/service.go:37.37,38.29 1 1
github.com/SardorMS/wallet/pkg/wallet/service.go:38.29,40.4 1 1
github.com/SardorMS/wallet/pkg/wallet/service.go:55.76,56.37 1 1
github.com/SardorMS/wallet/pkg/wallet/service.go:61.2,61.32 1 1
github.com/SardorMS/wallet/pkg/wallet/service.go:56.37,57.30 1 1
github.com/SardorMS/wallet/pkg/wallet/service.go:57.30,59.4 1 1
github.com/SardorMS/wallet/pkg/wallet/service.go:65.70,66.17 1 1
github.com/SardorMS/wallet/pkg/wallet/service.go:70.2,71.33 2 1
github.com/SardorMS/wallet/pkg/wallet/service.go:78.2,78.20 1 1
github.com/SardorMS/wallet/pkg/wallet/service.go:82.2,83.12 2 1
github.com/SardorMS/wallet/pkg/wallet/service.go:66.17,68.3 1 1
github.com/SardorMS/wallet/pkg/wallet/service.go:71.33,72.26 1 1
github.com/SardorMS/wallet/pkg/wallet/service.go:72.26,74.9 2 1
github.com/SardorMS/wallet/pkg/wallet/service.go:78.20,80.3 1 1
github.com/SardorMS/wallet/pkg/wallet/service.go:87.116,88.17 1 1
github.com/SardorMS/wallet/pkg/wallet/service.go:92.2,93.33 2 1
github.com/SardorMS/wallet/pkg/wallet/service.go:99.2,99.20 1 1
github.com/SardorMS/wallet/pkg/wallet/service.go:103.2,103.30 1 1
github.com/SardorMS/wallet/pkg/wallet/service.go:107.2,117.21 5 1
github.com/SardorMS/wallet/pkg/wallet/service.go:88.17,90.3 1 1
github.com/SardorMS/wallet/pkg/wallet/service.go:93.33,94.26 1 1
github.com/SardorMS/wallet/pkg/wallet/service.go:94.26,96.9 2 1
github.com/SardorMS/wallet/pkg/wallet/service.go:99.20,101.3 1 1
github.com/SardorMS/wallet/pkg/wallet/service.go:103.30,105.3 1 1
github.com/SardorMS/wallet/pkg/wallet/service.go:121.77,122.37 1 1
github.com/SardorMS/wallet/pkg/wallet/service.go:127.2,127.32 1 1
github.com/SardorMS/wallet/pkg/wallet/service.go:122.37,123.30 1 1
github.com/SardorMS/wallet/pkg/wallet/service.go:123.30,125.4 1 1
github.com/SardorMS/wallet/pkg/wallet/service.go:131.50,133.16 2 1
github.com/SardorMS/wallet/pkg/wallet/service.go:136.2,137.16 2 1
github.com/SardorMS/wallet/pkg/wallet/service.go:141.2,143.12 3 1
github.com/SardorMS/wallet/pkg/wallet/service.go:133.16,135.3 1 1
github.com/SardorMS/wallet/pkg/wallet/service.go:137.16,139.3 1 0
github.com/SardorMS/wallet/pkg/wallet/service.go:147.68,149.16 2 1
github.com/SardorMS/wallet/pkg/wallet/service.go:153.2,153.67 1 1
github.com/SardorMS/wallet/pkg/wallet/service.go:149.16,151.3 1 1
github.com/SardorMS/wallet/pkg/wallet/service.go:157.91,159.16 2 1
github.com/SardorMS/wallet/pkg/wallet/service.go:163.2,173.22 4 1
github.com/SardorMS/wallet/pkg/wallet/service.go:159.16,161.3 1 1
github.com/SardorMS/wallet/pkg/wallet/service.go:177.80,178.39 1 1
github.com/SardorMS/wallet/pkg/wallet/service.go:184.2,184.33 1 1
github.com/SardorMS/wallet/pkg/wallet/service.go:178.39,179.32 1 1
github.com/SardorMS/wallet/pkg/wallet/service.go:179.32,181.4 1 1
github.com/SardorMS/wallet/pkg/wallet/service.go:188.78,190.16 2 1
github.com/SardorMS/wallet/pkg/wallet/service.go:194.2,194.70 1 1
github.com/SardorMS/wallet/pkg/wallet/service.go:190.16,192.3 1 1
github.com/SardorMS/wallet/pkg/wallet/service.go:198.51,200.16 2 1
github.com/SardorMS/wallet/pkg/wallet/service.go:205.2,205.15 1 1
github.com/SardorMS/wallet/pkg/wallet/service.go:211.2,213.37 3 1
github.com/SardorMS/wallet/pkg/wallet/service.go:224.2,225.16 2 1
github.com/SardorMS/wallet/pkg/wallet/service.go:229.2,230.12 2 1
github.com/SardorMS/wallet/pkg/wallet/service.go:200.16,203.3 2 1
github.com/SardorMS/wallet/pkg/wallet/service.go:205.15,206.40 1 1
github.com/SardorMS/wallet/pkg/wallet/service.go:206.40,208.4 1 0
github.com/SardorMS/wallet/pkg/wallet/service.go:213.37,222.3 4 1
github.com/SardorMS/wallet/pkg/wallet/service.go:225.16,228.3 2 0
github.com/SardorMS/wallet/pkg/wallet/service.go:234.53,236.16 2 1
github.com/SardorMS/wallet/pkg/wallet/service.go:241.2,241.15 1 1
github.com/SardorMS/wallet/pkg/wallet/service.go:247.2,249.6 3 1
github.com/SardorMS/wallet/pkg/wallet/service.go:263.2,269.32 5 1
github.com/SardorMS/wallet/pkg/wallet/service.go:289.2,289.12 1 1
github.com/SardorMS/wallet/pkg/wallet/service.go:236.16,239.3 2 1
github.com/SardorMS/wallet/pkg/wallet/service.go:241.15,242.40 1 1
github.com/SardorMS/wallet/pkg/wallet/service.go:242.40,244.4 1 0
github.com/SardorMS/wallet/pkg/wallet/service.go:249.6,251.20 2 1
github.com/SardorMS/wallet/pkg/wallet/service.go:256.3,256.17 1 1
github.com/SardorMS/wallet/pkg/wallet/service.go:260.3,260.43 1 1
github.com/SardorMS/wallet/pkg/wallet/service.go:251.20,253.9 2 1
github.com/SardorMS/wallet/pkg/wallet/service.go:256.17,259.4 2 0
github.com/SardorMS/wallet/pkg/wallet/service.go:269.32,288.3 8 1
github.com/SardorMS/wallet/pkg/wallet/service.go:293.44,299.46 3 0
github.com/SardorMS/wallet/pkg/wallet/service.go:319.2,319.46 1 0
github.com/SardorMS/wallet/pkg/wallet/service.go:341.2,341.48 1 0
github.com/SardorMS/wallet/pkg/wallet/service.go:362.2,362.12 1 0
github.com/SardorMS/wallet/pkg/wallet/service.go:299.46,302.38 2 0
github.com/SardorMS/wallet/pkg/wallet/service.go:311.3,312.17 2 0
github.com/SardorMS/wallet/pkg/wallet/service.go:302.38,309.4 2 0
github.com/SardorMS/wallet/pkg/wallet/service.go:312.17,315.4 2 0
github.com/SardorMS/wallet/pkg/wallet/service.go:319.46,322.38 2 0
github.com/SardorMS/wallet/pkg/wallet/service.go:333.3,334.17 2 0
github.com/SardorMS/wallet/pkg/wallet/service.go:322.38,331.4 2 0
github.com/SardorMS/wallet/pkg/wallet/service.go:334.17,337.4 2 0
github.com/SardorMS/wallet/pkg/wallet/service.go:341.48,344.40 2 0
github.com/SardorMS/wallet/pkg/wallet/service.go:355.3,356.17 2 0
github.com/SardorMS/wallet/pkg/wallet/service.go:344.40,353.4 2 0
github.com/SardorMS/wallet/pkg/wallet/service.go:356.17,359.4 2 0
github.com/SardorMS/wallet/pkg/wallet/service.go:366.44,369.26 2 0
github.com/SardorMS/wallet/pkg/wallet/service.go:377.2,378.17 2 0
github.com/SardorMS/wallet/pkg/wallet/service.go:426.2,427.17 2 0
github.com/SardorMS/wallet/pkg/wallet/service.go:480.2,481.17 2 0
github.com/SardorMS/wallet/pkg/wallet/service.go:533.2,533.12 1 0
github.com/SardorMS/wallet/pkg/wallet/service.go:369.26,372.3 1 0
github.com/SardorMS/wallet/pkg/wallet/service.go:372.8,374.3 1 0
github.com/SardorMS/wallet/pkg/wallet/service.go:378.17,386.41 5 0
github.com/SardorMS/wallet/pkg/wallet/service.go:386.41,388.30 1 0
github.com/SardorMS/wallet/pkg/wallet/service.go:391.4,395.18 4 0
github.com/SardorMS/wallet/pkg/wallet/service.go:399.4,401.18 3 0
github.com/SardorMS/wallet/pkg/wallet/service.go:406.4,407.22 2 0
github.com/SardorMS/wallet/pkg/wallet/service.go:388.30,389.10 1 0
github.com/SardorMS/wallet/pkg/wallet/service.go:395.18,398.5 2 0
github.com/SardorMS/wallet/pkg/wallet/service.go:401.18,404.5 2 0
github.com/SardorMS/wallet/pkg/wallet/service.go:407.22,410.5 2 0
github.com/SardorMS/wallet/pkg/wallet/service.go:410.10,419.5 4 0
github.com/SardorMS/wallet/pkg/wallet/service.go:421.8,423.3 1 0
github.com/SardorMS/wallet/pkg/wallet/service.go:427.17,435.41 5 0
github.com/SardorMS/wallet/pkg/wallet/service.go:435.41,437.30 1 0
github.com/SardorMS/wallet/pkg/wallet/service.go:440.4,445.18 5 0
github.com/SardorMS/wallet/pkg/wallet/service.go:449.4,450.18 2 0
github.com/SardorMS/wallet/pkg/wallet/service.go:454.4,458.21 4 0
github.com/SardorMS/wallet/pkg/wallet/service.go:437.30,438.10 1 0
github.com/SardorMS/wallet/pkg/wallet/service.go:445.18,448.5 2 0
github.com/SardorMS/wallet/pkg/wallet/service.go:450.18,453.5 2 0
github.com/SardorMS/wallet/pkg/wallet/service.go:458.21,463.5 4 0
github.com/SardorMS/wallet/pkg/wallet/service.go:463.10,473.5 3 0
github.com/SardorMS/wallet/pkg/wallet/service.go:475.8,477.3 1 0
github.com/SardorMS/wallet/pkg/wallet/service.go:481.17,489.41 5 0
github.com/SardorMS/wallet/pkg/wallet/service.go:489.41,491.30 1 0
github.com/SardorMS/wallet/pkg/wallet/service.go:494.4,499.18 5 0
github.com/SardorMS/wallet/pkg/wallet/service.go:503.4,505.18 3 0
github.com/SardorMS/wallet/pkg/wallet/service.go:509.4,512.21 3 0
github.com/SardorMS/wallet/pkg/wallet/service.go:491.30,492.10 1 0
github.com/SardorMS/wallet/pkg/wallet/service.go:499.18,502.5 2 0
github.com/SardorMS/wallet/pkg/wallet/service.go:505.18,508.5 2 0
github.com/SardorMS/wallet/pkg/wallet/service.go:512.21,517.5 4 0
github.com/SardorMS/wallet/pkg/wallet/service.go:517.10,527.5 3 0
github.com/SardorMS/wallet/pkg/wallet/service.go:529.8,531.3 1 0
github.com/SardorMS/wallet/pkg/wallet/service.go:537.82,540.16 2 1
github.com/SardorMS/wallet/pkg/wallet/service.go:544.2,545.37 2 1
github.com/SardorMS/wallet/pkg/wallet/service.go:551.2,551.43 1 1
github.com/SardorMS/wallet/pkg/wallet/service.go:555.2,555.22 1 1
github.com/SardorMS/wallet/pkg/wallet/service.go:540.16,542.3 1 1
github.com/SardorMS/wallet/pkg/wallet/service.go:545.37,546.37 1 1
github.com/SardorMS/wallet/pkg/wallet/service.go:546.37,548.4 1 1
github.com/SardorMS/wallet/pkg/wallet/service.go:551.43,553.3 1 1
github.com/SardorMS/wallet/pkg/wallet/service.go:559.91,562.25 2 1
github.com/SardorMS/wallet/pkg/wallet/service.go:565.2,565.17 1 1
github.com/SardorMS/wallet/pkg/wallet/service.go:569.2,569.43 1 1
github.com/SardorMS/wallet/pkg/wallet/service.go:574.2,576.51 2 1
github.com/SardorMS/wallet/pkg/wallet/service.go:618.2,618.12 1 1
github.com/SardorMS/wallet/pkg/wallet/service.go:562.25,564.3 1 1
github.com/SardorMS/wallet/pkg/wallet/service.go:565.17,567.3 1 1
github.com/SardorMS/wallet/pkg/wallet/service.go:569.43,571.3 1 1
github.com/SardorMS/wallet/pkg/wallet/service.go:576.51,577.36 1 1
github.com/SardorMS/wallet/pkg/wallet/service.go:588.3,590.17 3 1
github.com/SardorMS/wallet/pkg/wallet/service.go:577.36,586.4 2 1
github.com/SardorMS/wallet/pkg/wallet/service.go:590.17,593.4 2 0
github.com/SardorMS/wallet/pkg/wallet/service.go:594.8,595.36 1 1
github.com/SardorMS/wallet/pkg/wallet/service.go:595.36,606.50 3 1
github.com/SardorMS/wallet/pkg/wallet/service.go:606.50,610.19 3 1
github.com/SardorMS/wallet/pkg/wallet/service.go:614.5,614.15 1 1
github.com/SardorMS/wallet/pkg/wallet/service.go:610.19,613.6 2 0
github.com/SardorMS/wallet/pkg/wallet/service.go:622.59,624.20 1 1
github.com/SardorMS/wallet/pkg/wallet/service.go:628.2,634.34 5 1
github.com/SardorMS/wallet/pkg/wallet/service.go:656.2,657.12 2 1
github.com/SardorMS/wallet/pkg/wallet/service.go:624.20,626.3 1 1
github.com/SardorMS/wallet/pkg/wallet/service.go:634.34,639.20 3 1
github.com/SardorMS/wallet/pkg/wallet/service.go:639.20,644.42 4 1
github.com/SardorMS/wallet/pkg/wallet/service.go:650.4,652.16 3 1
github.com/SardorMS/wallet/pkg/wallet/service.go:644.42,645.30 1 1
github.com/SardorMS/wallet/pkg/wallet/service.go:648.5,648.34 1 1
github.com/SardorMS/wallet/pkg/wallet/service.go:645.30,646.11 1 1
github.com/SardorMS/wallet/pkg/wallet/service.go:661.92,663.20 1 1
github.com/SardorMS/wallet/pkg/wallet/service.go:667.2,673.16 5 1
github.com/SardorMS/wallet/pkg/wallet/service.go:677.2,678.34 2 1
github.com/SardorMS/wallet/pkg/wallet/service.go:702.2,703.22 2 1
github.com/SardorMS/wallet/pkg/wallet/service.go:663.20,665.3 1 1
github.com/SardorMS/wallet/pkg/wallet/service.go:673.16,675.3 1 1
github.com/SardorMS/wallet/pkg/wallet/service.go:678.34,683.20 3 1
github.com/SardorMS/wallet/pkg/wallet/service.go:683.20,688.42 4 1
github.com/SardorMS/wallet/pkg/wallet/service.go:696.4,698.49 3 1
github.com/SardorMS/wallet/pkg/wallet/service.go:688.42,689.30 1 1
github.com/SardorMS/wallet/pkg/wallet/service.go:692.5,692.45 1 1
github.com/SardorMS/wallet/pkg/wallet/service.go:689.30,690.11 1 1
github.com/SardorMS/wallet/pkg/wallet/service.go:692.45,694.6 1 1
